different tonic accent in lesson 3 for word traduzca Word_properties(tonic_accent=[('tra', False), ('duz', True), ('ca', False)], index_ref=[(3, 7)]) / Word_properties(tonic_accent=[('tra', False), ('du', True), ('zca', False)], index_ref=[(1, 7)]) 
different tonic accent in lesson 11 for word está Word_properties(tonic_accent=[('est', False), ('á', True)], index_ref=[(11, 12)]) / Word_properties(tonic_accent=[('es', False), ('tá', True)], index_ref=[(4, 4), (4, 12)]) 
different tonic accent in lesson 16 for word está Word_properties(tonic_accent=[('est', False), ('á', True)], index_ref=[(16, 12)]) / Word_properties(tonic_accent=[('es', False), ('tá', True)], index_ref=[(4, 4), (4, 12)]) 
different tonic accent in lesson 22 for word está Word_properties(tonic_accent=[('est', False), ('á', True)], index_ref=[(22, 15)]) / Word_properties(tonic_accent=[('es', False), ('tá', True)], index_ref=[(4, 4), (4, 12)]) 
different tonic accent in lesson 23 for word madrid Word_properties(tonic_accent=[('madrid', False)], index_ref=[(23, 7)]) / Word_properties(tonic_accent=[('ma', False), ('drid', True)], index_ref=[(3, 4), (3, 6), (3, 11)]) 
different tonic accent in lesson 23 for word puede Word_properties(tonic_accent=[('puede', False)], index_ref=[(23, 8)]) / Word_properties(tonic_accent=[('pue', True), ('de', False)], index_ref=[(18, 7)]) 
different tonic accent in lesson 38 for word así Word_properties(tonic_accent=[('a', False), ('sí', True)], index_ref=[(38, 5)]) / Word_properties(tonic_accent=[('así', False)], index_ref=[(31, 8)]) 
different tonic accent in lesson 38 for word saber Word_properties(tonic_accent=[('sa', False), ('ber', True)], index_ref=[(38, 11)]) / Word_properties(tonic_accent=[('saber', False)], index_ref=[(36, 5)]) 
different tonic accent in lesson 40 for word falta Word_properties(tonic_accent=[('falt', True), ('a', False)], index_ref=[(40, 2), (40, 12)]) / Word_properties(tonic_accent=[('fal', True), ('ta', False)], index_ref=[(39, 5), (39, 14)]) 
different tonic accent in lesson 41 for word así Word_properties(tonic_accent=[('a', False), ('sí', True)], index_ref=[(41, 4)]) / Word_properties(tonic_accent=[('así', False)], index_ref=[(31, 8)]) 
different tonic accent in lesson 41 for word como Word_properties(tonic_accent=[('co', True), ('mo', False)], index_ref=[(41, 5), (41, 15)]) / Word_properties(tonic_accent=[('como', False)], index_ref=[(27, 4)]) 
different tonic accent in lesson 41 for word aceite Word_properties(tonic_accent=[('a', False), ('ce', True), ('ite', False)], index_ref=[(41, 8), (41, 16)]) / Word_properties(tonic_accent=[('a', False), ('cei', True), ('te', False)], index_ref=[(9, 4), (9, 13)]) 
different tonic accent in lesson 43 for word así Word_properties(tonic_accent=[('a', False), ('sí', True)], index_ref=[(43, 9)]) / Word_properties(tonic_accent=[('así', False)], index_ref=[(31, 8)]) 
different tonic accent in lesson 45 for word como Word_properties(tonic_accent=[('co', True), ('mo', False)], index_ref=[(45, 12)]) / Word_properties(tonic_accent=[('como', False)], index_ref=[(27, 4)]) 
different tonic accent in lesson 46 for word quería Word_properties(tonic_accent=[('que', False), ('rí', True), ('a', False)], index_ref=[(46, 10)]) / Word_properties(tonic_accent=[('quería', False)], index_ref=[(43, 18)]) 
different tonic accent in lesson 47 for word segundo Word_properties(tonic_accent=[('se', False), ('gun', True), ('do', False)], index_ref=[(47, 5), (47, 15)]) / Word_properties(tonic_accent=[('segundo', False)], index_ref=[(31, 3)]) 
different tonic accent in lesson 50 for word falta Word_properties(tonic_accent=[('falt', True), ('a', False)], index_ref=[(50, 9), (50, 19)]) / Word_properties(tonic_accent=[('fal', True), ('ta', False)], index_ref=[(39, 5), (39, 14)]) 
different tonic accent in lesson 52 for word como Word_properties(tonic_accent=[('co', True), ('mo', False)], index_ref=[(52, 13)]) / Word_properties(tonic_accent=[('como', False)], index_ref=[(27, 4)]) 
different tonic accent in lesson 54 for word quería Word_properties(tonic_accent=[('que', False), ('rí', True), ('a', False)], index_ref=[(54, 6)]) / Word_properties(tonic_accent=[('quería', False)], index_ref=[(43, 18)]) 
different tonic accent in lesson 54 for word saber Word_properties(tonic_accent=[('sa', False), ('ber', True)], index_ref=[(54, 11)]) / Word_properties(tonic_accent=[('saber', False)], index_ref=[(36, 5)]) 
different tonic accent in lesson 54 for word como Word_properties(tonic_accent=[('co', True), ('mo', False)], index_ref=[(54, 16)]) / Word_properties(tonic_accent=[('como', False)], index_ref=[(27, 4)]) 
different tonic accent in lesson 55 for word quería Word_properties(tonic_accent=[('que', False), ('rí', True), ('a', False)], index_ref=[(55, 4)]) / Word_properties(tonic_accent=[('quería', False)], index_ref=[(43, 18)]) 
different tonic accent in lesson 56 for word saber Word_properties(tonic_accent=[('sa', False), ('ber', True)], index_ref=[(56, 6)]) / Word_properties(tonic_accent=[('saber', False)], index_ref=[(36, 5)]) 
different tonic accent in lesson 63 for word como Word_properties(tonic_accent=[('co', True), ('mo', False)], index_ref=[(63, 8)]) / Word_properties(tonic_accent=[('como', False)], index_ref=[(27, 4)]) 
different tonic accent in lesson 65 for word así Word_properties(tonic_accent=[('a', False), ('sí', True)], index_ref=[(65, 7)]) / Word_properties(tonic_accent=[('así', False)], index_ref=[(31, 8)]) 
different tonic accent in lesson 65 for word como Word_properties(tonic_accent=[('co', True), ('mo', False)], index_ref=[(65, 9), (65, 14)]) / Word_properties(tonic_accent=[('como', False)], index_ref=[(27, 4)]) 
different tonic accent in lesson 66 for word echo Word_properties(tonic_accent=[('e', True), ('cho', False)], index_ref=[(66, 7)]) / Word_properties(tonic_accent=[('echo', False)], index_ref=[(52, 19)]) 
different tonic accent in lesson 66 for word así Word_properties(tonic_accent=[('a', False), ('sí', True)], index_ref=[(66, 15), (66, 22)]) / Word_properties(tonic_accent=[('así', False)], index_ref=[(31, 8)]) 
different tonic accent in lesson 66 for word este Word_properties(tonic_accent=[('este', False)], index_ref=[(66, 18)]) / Word_properties(tonic_accent=[('es', True), ('te', False)], index_ref=[(13, 12)]) 
different tonic accent in lesson 67 for word como Word_properties(tonic_accent=[('co', True), ('mo', False)], index_ref=[(67, 4)]) / Word_properties(tonic_accent=[('como', False)], index_ref=[(27, 4)]) 
different tonic accent in lesson 68 for word como Word_properties(tonic_accent=[('co', True), ('mo', False)], index_ref=[(68, 6)]) / Word_properties(tonic_accent=[('como', False)], index_ref=[(27, 4)]) 
different tonic accent in lesson 69 for word ese Word_properties(tonic_accent=[('e', True), ('se', False)], index_ref=[(69, 8), (69, 12)]) / Word_properties(tonic_accent=[('ese', False)], index_ref=[(26, 10)]) 
different tonic accent in lesson 69 for word cabo Word_properties(tonic_accent=[('ca', True), ('bo', False)], index_ref=[(69, 14)]) / Word_properties(tonic_accent=[('cabo', False)], index_ref=[(57, 9)]) 
different tonic accent in lesson 70 for word como Word_properties(tonic_accent=[('co', True), ('mo', False)], index_ref=[(70, 7), (70, 12)]) / Word_properties(tonic_accent=[('como', False)], index_ref=[(27, 4)]) 
different tonic accent in lesson 70 for word así Word_properties(tonic_accent=[('a', False), ('sí', True)], index_ref=[(70, 10)]) / Word_properties(tonic_accent=[('así', False)], index_ref=[(31, 8)]) 
different tonic accent in lesson 71 for word como Word_properties(tonic_accent=[('co', True), ('mo', False)], index_ref=[(71, 1), (71, 7), (71, 19)]) / Word_properties(tonic_accent=[('como', False)], index_ref=[(27, 4)]) 
different tonic accent in lesson 71 for word así Word_properties(tonic_accent=[('a', False), ('sí', True)], index_ref=[(71, 10)]) / Word_properties(tonic_accent=[('así', False)], index_ref=[(31, 8)]) 
different tonic accent in lesson 72 for word así Word_properties(tonic_accent=[('a', False), ('sí', True)], index_ref=[(72, 3), (72, 3)]) / Word_properties(tonic_accent=[('así', False)], index_ref=[(31, 8)]) 
different tonic accent in lesson 72 for word como Word_properties(tonic_accent=[('co', True), ('mo', False)], index_ref=[(72, 4)]) / Word_properties(tonic_accent=[('como', False)], index_ref=[(27, 4)]) 
different tonic accent in lesson 72 for word ese Word_properties(tonic_accent=[('e', True), ('se', False)], index_ref=[(72, 14)]) / Word_properties(tonic_accent=[('ese', False)], index_ref=[(26, 10)]) 
different tonic accent in lesson 74 for word uno Word_properties(tonic_accent=[('uno', False)], index_ref=[(74, 13)]) / Word_properties(tonic_accent=[('u', True), ('no', False)], index_ref=[(21, 12), (21, 13)]) 
different tonic accent in lesson 75 for word como Word_properties(tonic_accent=[('co', True), ('mo', False)], index_ref=[(75, 9)]) / Word_properties(tonic_accent=[('como', False)], index_ref=[(27, 4)]) 
different tonic accent in lesson 76 for word como Word_properties(tonic_accent=[('co', True), ('mo', False)], index_ref=[(76, 7), (76, 8), (76, 19)]) / Word_properties(tonic_accent=[('como', False)], index_ref=[(27, 4)]) 
different tonic accent in lesson 77 for word como Word_properties(tonic_accent=[('co', True), ('mo', False)], index_ref=[(77, 2)]) / Word_properties(tonic_accent=[('como', False)], index_ref=[(27, 4)]) 
different tonic accent in lesson 77 for word traje Word_properties(tonic_accent=[('tra', True), ('je', False)], index_ref=[(77, 4)]) / Word_properties(tonic_accent=[('traje', False)], index_ref=[(72, 11), (72, 20)]) 
different tonic accent in lesson 78 for word echo Word_properties(tonic_accent=[('e', True), ('cho', False)], index_ref=[(78, 4)]) / Word_properties(tonic_accent=[('echo', False)], index_ref=[(52, 19)]) 
different tonic accent in lesson 78 for word como Word_properties(tonic_accent=[('co', True), ('mo', False)], index_ref=[(78, 6), (78, 11), (78, 18)]) / Word_properties(tonic_accent=[('como', False)], index_ref=[(27, 4)]) 
different tonic accent in lesson 78 for word así Word_properties(tonic_accent=[('a', False), ('sí', True)], index_ref=[(78, 10)]) / Word_properties(tonic_accent=[('así', False)], index_ref=[(31, 8)]) 
different tonic accent in lesson 79 for word ese Word_properties(tonic_accent=[('e', True), ('se', False)], index_ref=[(79, 14)]) / Word_properties(tonic_accent=[('ese', False)], index_ref=[(26, 10)]) 
different tonic accent in lesson 80 for word como Word_properties(tonic_accent=[('co', True), ('mo', False)], index_ref=[(80, 3), (80, 13), (80, 18)]) / Word_properties(tonic_accent=[('como', False)], index_ref=[(27, 4)]) 
different tonic accent in lesson 82 for word falta Word_properties(tonic_accent=[('falt', True), ('a', False)], index_ref=[(82, 22)]) / Word_properties(tonic_accent=[('fal', True), ('ta', False)], index_ref=[(39, 5), (39, 14)]) 
different tonic accent in lesson 84 for word como Word_properties(tonic_accent=[('co', True), ('mo', False)], index_ref=[(84, 10)]) / Word_properties(tonic_accent=[('como', False)], index_ref=[(27, 4)]) 
different tonic accent in lesson 86 for word como Word_properties(tonic_accent=[('co', True), ('mo', False)], index_ref=[(86, 6), (86, 13), (86, 21)]) / Word_properties(tonic_accent=[('como', False)], index_ref=[(27, 4)]) 
different tonic accent in lesson 86 for word ese Word_properties(tonic_accent=[('e', True), ('se', False)], index_ref=[(86, 12)]) / Word_properties(tonic_accent=[('ese', False)], index_ref=[(26, 10)]) 
different tonic accent in lesson 87 for word como Word_properties(tonic_accent=[('co', True), ('mo', False)], index_ref=[(87, 3)]) / Word_properties(tonic_accent=[('como', False)], index_ref=[(27, 4)]) 
different tonic accent in lesson 87 for word así Word_properties(tonic_accent=[('a', False), ('sí', True)], index_ref=[(87, 4), (87, 22)]) / Word_properties(tonic_accent=[('así', False)], index_ref=[(31, 8)]) 
